
> hirefilter@0.1.0 build
> next build

Γû▓ Next.js 16.1.3 (Turbopack)
- Environments: .env.local

  Creating an optimized production build ...
node.exe : 
At C:\Program Files\nod
ejs\npm.ps1:29 char:3
+   & $NODE_EXE 
$NPM_CLI_JS $args
+   ~~~~~~~~~~~~~~~~~~~
~~~~~~~~~~
    + CategoryInfo     
         : NotSpecifi  
  ed: (:String) [],    
 RemoteException
    + FullyQualifiedEr 
   rorId : NativeComm  
  andError
 
> Build error occurred
Error: Turbopack build 
failed with 3 errors:
./src/app/candidate/job
s/[id]/page.jsx:4:35
Parsing ecmascript 
source code failed
[0m [90m 2 |[39m
 [90m 3 |[39m 
[36mimport[39m { 
motion } 
[36mfrom[39m [32m"fr
amer-motion"[39m[33m;
[39m
[31m[1m>[22m[39m[9
0m 4 |[39m 
[36mimport[39m { [33
mArrowLeft[39m[33m,[
39m [33mMapPin[39m[3
3m,[39m indian[33m-[
39mrupee[33m,[39m [3
3mClock[39m[33m,[39m
 [33mBriefcase[39m[3
3m,[39m [33mCheckCirc
le[39m[33m,[39m [33
mShare2[39m[33m,[39m
 [33mBookmark[39m } 
[36mfrom[39m [32m"lu
cide-react"[39m[33m;
[39m
 [90m   |[39m        
                       
    
[31m[1m^[22m[39m
 [90m 5 |[39m 
[36mimport[39m 
[33mLink[39m 
[36mfrom[39m [32m"ne
xt/link"[39m[33m;[39
m
 [90m 6 |[39m 
[36mimport[39m { 
useParams } 
[36mfrom[39m [32m"ne
xt/navigation"[39m[33
m;[39m
 [90m 7 |[39m 
[36mimport[39m { 
useEffect[33m,[39m 
useState } 
[36mfrom[39m [32m"re
act"[39m[33m;[39m[0
m

Expected ',', got '-'


./src/app/candidate/sav
ed-jobs/page.jsx:4:34
Parsing ecmascript 
source code failed
[0m [90m 2 |[39m
 [90m 3 |[39m 
[36mimport[39m { 
motion } 
[36mfrom[39m [32m"fr
amer-motion"[39m[33m;
[39m
[31m[1m>[22m[39m[9
0m 4 |[39m 
[36mimport[39m { [33
mBookmark[39m[33m,[3
9m [33mMapPin[39m[33
m,[39m indian[33m-[3
9mrupee[33m,[39m [33
mArrowRight[39m[33m,
[39m [33mTrash2[39m 
} [36mfrom[39m [32m"
lucide-react"[39m[33m
;[39m
 [90m   |[39m        
                       
   [31m[1m^[22m[39m
 [90m 5 |[39m 
[36mimport[39m 
[33mLink[39m 
[36mfrom[39m [32m"ne
xt/link"[39m[33m;[39
m
 [90m 6 |[39m
 [90m 7 |[39m 
[36mexport[39m 
[36mdefault[39m 
[36mfunction[39m [33
mSavedJobsPage[39m() 
{[0m

Expected ',', got '-'


./src/app/hr/jobs/[jobI
d]/page.jsx:7:52
Parsing ecmascript 
source code failed
[0m [90m  5 |[39m 
[36mimport[39m { 
useParams[33m,[39m 
useRouter } 
[36mfrom[39m [32m"ne
xt/navigation"[39m[33
m;[39m
 [90m  6 |[39m 
[36mimport[39m { 
motion } 
[36mfrom[39m [32m"fr
amer-motion"[39m[33m;
[39m
[31m[1m>[22m[39m[9
0m  7 |[39m 
[36mimport[39m { [33
mMapPin[39m[33m,[39m
 [33mUsers[39m[33m,
[39m [33mCalendar[39m
[33m,[39m [33mBriefc
ase[39m[33m,[39m ind
ian[33m-[39mrupee[33
m,[39m [33mClock[39m
[33m,[39m [33mArrowL
eft[39m[33m,[39m 
[33mAlertCircle[39m 
} [36mfrom[39m [32m"
lucide-react"[39m[33m
;[39m
 [90m    |[39m       
                       
                      
[31m[1m^[22m[39m
 [90m  8 |[39m 
[36mimport[39m 
[33mLink[39m 
[36mfrom[39m [32m"ne
xt/link"[39m[33m;[39
m
 [90m  9 |[39m 
[36mimport[39m axios 
[36mfrom[39m [32m"ax
ios"[39m[33m;[39m
 [90m 10 |[39m[0m

Expected ',', got '-'


    at <unknown> (./src
/app/candidate/jobs/[id
]/page.jsx:4:35)
    at <unknown> (./src
/app/candidate/saved-jo
bs/page.jsx:4:34)
    at <unknown> (./src
/app/hr/jobs/[jobId]/pa
ge.jsx:7:52)
